Arguments: 
  D:\nodejs\node.exe C:\Users\Marcin Gwizdek\AppData\Roaming\npm\node_modules\yarn\bin\yarn.js add express@4.17.1

PATH: 
  C:\Users\Marcin Gwizdek\bin;C:\Program Files\Git\mingw64\bin;C:\Program Files\Git\usr\local\bin;C:\Program Files\Git\usr\bin;C:\Program Files\Git\usr\bin;C:\Program Files\Git\mingw64\bin;C:\Program Files\Git\usr\bin;C:\Users\Marcin Gwizdek\bin;C:\Program Files (x86)\Business Objects\Common\3.5\bin\NOTES;C:\Program Files (x86)\Business Objects\Common\3.5\bin\NOTES\DATA;C:\WINDOWS\system32;C:\WINDOWS;C:\WINDOWS\System32\Wbem;C:\WINDOWS\System32\WindowsPowerShell\v1.0;C:\WINDOWS\System32\OpenSSH;C:\Program Files\dotnet;D:\nodejs;C:\Program Files (x86)\Microsoft SQL Server\150\DTS\Binn;C:\Program Files\Azure Data Studio\bin;C:\Program Files\Git\cmd;C:\Users\Marcin Gwizdek\AppData\Local\Microsoft\WindowsApps;C:\Users\Marcin Gwizdek\AppData\Local\Programs\Microsoft VS Code\bin;C:\Users\Marcin Gwizdek\AppData\Roaming\npm;D:\nodejs;C:\Program Files\Azure Data Studio\bin;C:\Program Files\Git\usr\bin\vendor_perl;C:\Program Files\Git\usr\bin\core_perl

Yarn version: 
  1.22.19

Node version: 
  16.18.0

Platform: 
  win32 x64

Trace: 
  SyntaxError: D:\KODILLA\projects\express-project\package.json: Unexpected end of JSON input
      at JSON.parse (<anonymous>)
      at C:\Users\Marcin Gwizdek\AppData\Roaming\npm\node_modules\yarn\lib\cli.js:1629:59
      at Generator.next (<anonymous>)
      at step (C:\Users\Marcin Gwizdek\AppData\Roaming\npm\node_modules\yarn\lib\cli.js:310:30)
      at C:\Users\Marcin Gwizdek\AppData\Roaming\npm\node_modules\yarn\lib\cli.js:321:13

npm manifest: 
  

yarn manifest: 
  No manifest

Lockfile: 
  # THIS IS AN AUTOGENERATED FILE. DO NOT EDIT THIS FILE DIRECTLY.
  # yarn lockfile v1
